C51 COMPILER V9.54   LED                                                                   07/25/2025 10:11:53 PAGE 1   


C51 COMPILER V9.54, COMPILATION OF MODULE LED
OBJECT MODULE PLACED IN .\Objects\led.obj
COMPILER INVOKED BY: C:\Keil_v5\C51\BIN\C51.EXE led.c OPTIMIZE(8,SPEED) BROWSE DEBUG OBJECTEXTEND PRINT(.\Listings\led.l
                    -st) TABS(2) OBJECT(.\Objects\led.obj)

line level    source

*** WARNING C500 IN LINE 1 OF led.c: LICENSE ERROR (R207(2): REGISTRY READ ERROR)

   1          #include <REGX52.H>
   2          #include "Key.h"
   3          unsigned int i;unsigned int count,led_mode;
   4          unsigned char flag=0;
   5          void led_on()
   6          {
   7   1        P2=0x00;
   8   1      }
   9          void led_off()
  10          {
  11   1        P2=0xFF;
  12   1      }
  13          void led_flash()
  14          {
  15   1      
  16   1        P2=~P2;
  17   1      }
  18          
  19          void led_tick()
  20          {
  21   1      //  unsigned char keynum;
  22   1      //  keynum=key_getnum();
  23   1        if(led_mode==0)
  24   1        {
  25   2          led_off();
  26   2        }
  27   1      
  28   1        else if(led_mode==1)
  29   1        {
  30   2          i++;
  31   2          i%=1000;
  32   2          if(i<500)
  33   2          {
  34   3            led_on();
  35   3          }
  36   2          else
  37   2          {
  38   3            led_off();
  39   3          }
  40   2      
  41   2        } 
  42   1        else if(led_mode==2)
  43   1        {
  44   2              i++;
  45   2          i%=100;
  46   2          if(i<50)
  47   2          {
  48   3            led_on();
  49   3          }
  50   2          else
  51   2          {
  52   3            led_off();
  53   3          }
C51 COMPILER V9.54   LED                                                                   07/25/2025 10:11:53 PAGE 2   

  54   2      
  55   2      }
  56   1      }
  57          void led_setmode(unsigned int mode)
  58          {
  59   1        led_mode=mode;
  60   1      }


MODULE INFORMATION:   STATIC OVERLAYABLE
   CODE SIZE        =    118    ----
   CONSTANT SIZE    =   ----    ----
   XDATA SIZE       =   ----    ----
   PDATA SIZE       =   ----    ----
   DATA SIZE        =      7    ----
   IDATA SIZE       =   ----    ----
   BIT SIZE         =   ----    ----
END OF MODULE INFORMATION.


C51 COMPILATION COMPLETE.  1 WARNING(S),  0 ERROR(S)
