C51 COMPILER V9.54   MAIN                                                                  07/25/2025 11:25:24 PAGE 1   


C51 COMPILER V9.54, COMPILATION OF MODULE MAIN
OBJECT MODULE PLACED IN .\Objects\main.obj
COMPILER INVOKED BY: C:\Keil_v5\C51\BIN\C51.EXE main.c OPTIMIZE(8,SPEED) BROWSE DEBUG OBJECTEXTEND PRINT(.\Listings\main
                    -.lst) TABS(2) OBJECT(.\Objects\main.obj)

line level    source

*** WARNING C500 IN LINE 1 OF main.c: LICENSE ERROR (R207(2): REGISTRY READ ERROR)

   1          #include <REGX52.H>
   2          #include "led.h"
   3          #include "Timer0.h"
   4          #include "Key.h"
   5          #include <INTRINS.H>
   6          #include "LCD1602.h"
   7          
   8          uint8_t num1;
   9          uint8_t num2;
  10          
  11          void main()
  12          {
  13   1        Timer0_Init();
  14   1        LCD_Init();
  15   1        LCD_ShowString(1,1,"num1:");
  16   1        LCD_ShowString(2,1,"num2:");    
  17   1        
  18   1        while(1)
  19   1        { 
  20   2      //    示例1
  21   2      //    if(Key_Check(KEY_HOLD))
  22   2      //    {
  23   2      //        num1=1;
  24   2      //    }
  25   2      //    else
  26   2      //    { 
  27   2      //        num1=0;
  28   2      //    }
  29   2      //    示例2
  30   2      //    if(Key_Check(KEY_1,KEY_REPEAT))
  31   2      //    {
  32   2      //      P2_0=~P2_0;
  33   2      //    }
  34   2      //    if(Key_Check(KEY_2,KEY_SINGLE))
  35   2      //    {
  36   2      //      num2++;
  37   2      //    }
  38   2      
  39   2        
  40   2          
  41   2          LCD_ShowNum(1,6,num1,5);
  42   2          LCD_ShowNum(2,6,num2,5);
  43   2        }
  44   1      }   
  45          void Timer0_Routine() interrupt 1
  46          {
  47   1          TL0 = 0x18;   //设置定时初值
  48   1          TH0 = 0xFC;   //设置定时初值
  49   1          key_tick();
  50   1          
  51   1      }
  52          
  53          
C51 COMPILER V9.54   MAIN                                                                  07/25/2025 11:25:24 PAGE 2   

  54          
  55          
  56          
  57          
  58          
  59          
  60          
  61          
  62          
  63          
  64          
  65          
  66          
  67          
  68          
  69          
  70          


MODULE INFORMATION:   STATIC OVERLAYABLE
   CODE SIZE        =    129    ----
   CONSTANT SIZE    =     12    ----
   XDATA SIZE       =   ----    ----
   PDATA SIZE       =   ----    ----
   DATA SIZE        =      2    ----
   IDATA SIZE       =   ----    ----
   BIT SIZE         =   ----    ----
END OF MODULE INFORMATION.


C51 COMPILATION COMPLETE.  1 WARNING(S),  0 ERROR(S)
